  [4;36;1mSQL (0.3ms)[0m   [0;1m SELECT name
 FROM sqlite_master
 WHERE type = 'table' AND NOT name = 'sqlite_sequence'
[0m
  [4;35;1mSQL (0.1ms)[0m   [0mselect sqlite_version(*)[0m
  [4;36;1mSQL (0.7ms)[0m   [0;1mCREATE TABLE "schema_migrations" ("version" varchar(255) NOT NULL) [0m
  [4;35;1mSQL (0.1ms)[0m   [0mPRAGMA index_list("schema_migrations")[0m
  [4;36;1mSQL (0.6ms)[0m   [0;1mCREATE UNIQUE INDEX "unique_schema_migrations" ON "schema_migrations" ("version")[0m
  [4;35;1mSQL (0.1ms)[0m   [0m SELECT name
 FROM sqlite_master
 WHERE type = 'table' AND NOT name = 'sqlite_sequence'
[0m
  [4;36;1mSQL (0.1ms)[0m   [0;1mSELECT version FROM schema_migrations[0m
Migrating to CreateArticles (20160602052324)
  [4;35;1mSQL (0.2ms)[0m   [0mINSERT INTO schema_migrations (version) VALUES ('20160602052324')[0m
  [4;36;1mSQL (0.1ms)[0m   [0;1m SELECT name
 FROM sqlite_master
 WHERE type = 'table' AND NOT name = 'sqlite_sequence'
[0m
  [4;35;1mSQL (0.1ms)[0m   [0mSELECT version FROM schema_migrations[0m
  [4;36;1mSQL (0.1ms)[0m   [0;1m SELECT name
 FROM sqlite_master
 WHERE type = 'table' AND NOT name = 'sqlite_sequence'
[0m


Processing ApplicationController#index (for 127.0.0.1 at 2016-06-01 22:51:51) [GET]

ActionController::RoutingError (No route matches "/index" with {:method=>:get}):
  <internal:prelude>:10:in `synchronize'

Rendering rescues/layout (not_found)


Processing ApplicationController#index (for 127.0.0.1 at 2016-06-01 22:51:55) [GET]

ActionController::RoutingError (No route matches "/" with {:method=>:get}):
  <internal:prelude>:10:in `synchronize'

Rendering rescues/layout (not_found)


Processing ApplicationController#index (for 127.0.0.1 at 2016-06-01 23:06:58) [GET]

ActionController::RoutingError (No route matches "/" with {:method=>:get}):
  <internal:prelude>:10:in `synchronize'

Rendering rescues/layout (not_found)


Processing ApplicationController#index (for 127.0.0.1 at 2016-06-01 23:07:12) [GET]

ActionController::RoutingError (No route matches "/" with {:method=>:get}):
  <internal:prelude>:10:in `synchronize'

Rendering rescues/layout (not_found)


Processing ApplicationController#index (for 127.0.0.1 at 2016-06-01 23:07:14) [GET]

ActionController::RoutingError (No route matches "/" with {:method=>:get}):
  <internal:prelude>:10:in `synchronize'

Rendering rescues/layout (not_found)


Processing ApplicationController#index (for 127.0.0.1 at 2016-06-01 23:07:37) [GET]

NameError (uninitialized constant ApplicationController::Base):
  app/controllers/articles_controller.rb:4:in `<top (required)>'
  <internal:prelude>:10:in `synchronize'

Rendered rescues/_trace (13.0ms)
Rendered rescues/_request_and_response (2.1ms)
Rendering rescues/layout (internal_server_error)


Processing ArticlesController#index (for 127.0.0.1 at 2016-06-01 23:08:28) [GET]

ActionView::MissingTemplate (Missing template articles/index.erb in view path /Users/jane.huang/Dropbox/code/snapdocs/rss/app/views):
  <internal:prelude>:10:in `synchronize'

Rendering rescues/layout (internal_server_error)


Processing ArticlesController#index (for 127.0.0.1 at 2016-06-01 23:09:21) [GET]

ActionController::RenderError (You called render with invalid options : :text, "hello"):
  app/controllers/articles_controller.rb:12:in `index'
  <internal:prelude>:10:in `synchronize'

Rendered rescues/_trace (11.4ms)
Rendered rescues/_request_and_response (0.2ms)
Rendering rescues/layout (internal_server_error)


Processing ArticlesController#index (for 127.0.0.1 at 2016-06-01 23:10:27) [GET]

ActionView::MissingTemplate (Missing template articles/index.erb in view path /Users/jane.huang/Dropbox/code/snapdocs/rss/app/views):
  app/controllers/articles_controller.rb:12:in `index'
  <internal:prelude>:10:in `synchronize'

Rendering rescues/layout (internal_server_error)


Processing ArticlesController#index (for 127.0.0.1 at 2016-06-01 23:10:33) [GET]

ActionView::MissingTemplate (Missing template articles/index.erb in view path /Users/jane.huang/Dropbox/code/snapdocs/rss/app/views):
  app/controllers/articles_controller.rb:12:in `index'
  <internal:prelude>:10:in `synchronize'

Rendering rescues/layout (internal_server_error)


Processing ArticlesController#index (for 127.0.0.1 at 2016-06-01 23:10:46) [GET]

ActionView::MissingTemplate (Missing template articles/index.erb in view path /Users/jane.huang/Dropbox/code/snapdocs/rss/app/views):
  app/controllers/articles_controller.rb:12:in `index'
  <internal:prelude>:10:in `synchronize'

Rendering rescues/layout (internal_server_error)


Processing ArticlesController#index (for 127.0.0.1 at 2016-06-01 23:11:27) [GET]

ActionView::MissingTemplate (Missing template articles/index.erb in view path /Users/jane.huang/Dropbox/code/snapdocs/rss/app/views):
  app/controllers/articles_controller.rb:12:in `index'
  <internal:prelude>:10:in `synchronize'

Rendering rescues/layout (internal_server_error)


Processing ArticlesController#index (for 127.0.0.1 at 2016-06-01 23:11:42) [GET]

ActionView::MissingTemplate (Missing template articles/index.erb in view path /Users/jane.huang/Dropbox/code/snapdocs/rss/app/views):
  app/controllers/articles_controller.rb:12:in `index'
  <internal:prelude>:10:in `synchronize'

Rendering rescues/layout (internal_server_error)


Processing ArticlesController#index (for 127.0.0.1 at 2016-06-01 23:11:43) [GET]

ActionView::MissingTemplate (Missing template articles/index.erb in view path /Users/jane.huang/Dropbox/code/snapdocs/rss/app/views):
  app/controllers/articles_controller.rb:12:in `index'
  <internal:prelude>:10:in `synchronize'

Rendering rescues/layout (internal_server_error)


Processing ArticlesController#index (for 127.0.0.1 at 2016-06-01 23:14:25) [GET]

RuntimeError (hell):
  app/controllers/articles_controller.rb:12:in `index'
  <internal:prelude>:10:in `synchronize'

Rendered rescues/_trace (12.4ms)
Rendered rescues/_request_and_response (0.8ms)
Rendering rescues/layout (internal_server_error)


Processing ArticlesController#index (for 127.0.0.1 at 2016-06-01 23:15:52) [GET]

ActionView::MissingTemplate (Missing template articles/index.erb in view path /Users/jane.huang/Dropbox/code/snapdocs/rss/app/views):
  app/controllers/articles_controller.rb:12:in `index'
  <internal:prelude>:10:in `synchronize'

Rendering rescues/layout (internal_server_error)


Processing ArticlesController#index (for 127.0.0.1 at 2016-06-01 23:17:23) [GET]

ActionView::MissingTemplate (Missing template articles/index.erb in view path /Users/jane.huang/Dropbox/code/snapdocs/rss/app/views):
  app/controllers/articles_controller.rb:12:in `index'
  <internal:prelude>:10:in `synchronize'

Rendering rescues/layout (internal_server_error)
  [4;36;1mSQL (0.4ms)[0m   [0;1m SELECT name
 FROM sqlite_master
 WHERE type = 'table' AND NOT name = 'sqlite_sequence'
[0m
  [4;36;1mSQL (0.4ms)[0m   [0;1m SELECT name
 FROM sqlite_master
 WHERE type = 'table' AND NOT name = 'sqlite_sequence'
[0m
  [4;35;1mSQL (0.5ms)[0m   [0mSELECT version FROM schema_migrations[0m
Migrating to CreateArticles (20160602052324)
  [4;36;1mSQL (0.1ms)[0m   [0;1mselect sqlite_version(*)[0m
  [4;35;1mSQL (0.1ms)[0m   [0m SELECT name
 FROM sqlite_master
 WHERE type = 'table' AND NOT name = 'sqlite_sequence'
[0m
  [4;36;1mSQL (0.1ms)[0m   [0;1mSELECT version FROM schema_migrations[0m
  [4;35;1mSQL (0.1ms)[0m   [0m SELECT name
 FROM sqlite_master
 WHERE type = 'table' AND NOT name = 'sqlite_sequence'
[0m
  [4;36;1mSQL (0.3ms)[0m   [0;1m SELECT name
 FROM sqlite_master
 WHERE type = 'table' AND NOT name = 'sqlite_sequence'
[0m
  [4;35;1mSQL (0.1ms)[0m   [0mSELECT version FROM schema_migrations[0m
  [4;36;1mSQL (0.1ms)[0m   [0;1m SELECT name
 FROM sqlite_master
 WHERE type = 'table' AND NOT name = 'sqlite_sequence'
[0m
  [4;35;1mSQL (0.1ms)[0m   [0mSELECT version FROM schema_migrations[0m
  [4;36;1mSQL (0.1ms)[0m   [0;1m SELECT name
 FROM sqlite_master
 WHERE type = 'table' AND NOT name = 'sqlite_sequence'
[0m
  [4;35;1mSQL (0.1ms)[0m   [0mSELECT version FROM schema_migrations[0m
Migrating to CreateArticles (20160602052324)
  [4;36;1mSQL (0.0ms)[0m   [0;1mselect sqlite_version(*)[0m
  [4;35;1mSQL (0.1ms)[0m   [0m SELECT name
 FROM sqlite_master
 WHERE type = 'table' AND NOT name = 'sqlite_sequence'
[0m
  [4;36;1mSQL (0.1ms)[0m   [0;1mSELECT version FROM schema_migrations[0m
  [4;35;1mSQL (0.1ms)[0m   [0m SELECT name
 FROM sqlite_master
 WHERE type = 'table' AND NOT name = 'sqlite_sequence'
[0m
  [4;36;1mSQL (0.3ms)[0m   [0;1m SELECT name
 FROM sqlite_master
 WHERE type = 'table' AND NOT name = 'sqlite_sequence'
[0m
  [4;35;1mSQL (0.1ms)[0m   [0mSELECT version FROM schema_migrations[0m
Migrating to CreateArticles (20160602052324)
Migrating to Createarticles (20160602070744)
  [4;36;1mSQL (0.0ms)[0m   [0;1mselect sqlite_version(*)[0m
  [4;35;1mSQL (0.8ms)[0m   [0mINSERT INTO schema_migrations (version) VALUES ('20160602070744')[0m
  [4;36;1mSQL (0.2ms)[0m   [0;1m SELECT name
 FROM sqlite_master
 WHERE type = 'table' AND NOT name = 'sqlite_sequence'
[0m
  [4;35;1mSQL (0.1ms)[0m   [0mSELECT version FROM schema_migrations[0m
  [4;36;1mSQL (0.1ms)[0m   [0;1m SELECT name
 FROM sqlite_master
 WHERE type = 'table' AND NOT name = 'sqlite_sequence'
[0m
  [4;36;1mSQL (0.3ms)[0m   [0;1m SELECT name
 FROM sqlite_master
 WHERE type = 'table' AND NOT name = 'sqlite_sequence'
[0m
  [4;35;1mSQL (0.1ms)[0m   [0mselect sqlite_version(*)[0m
  [4;36;1mSQL (1.0ms)[0m   [0;1mCREATE TABLE "schema_migrations" ("version" varchar(255) NOT NULL) [0m
  [4;35;1mSQL (0.1ms)[0m   [0mPRAGMA index_list("schema_migrations")[0m
  [4;36;1mSQL (0.8ms)[0m   [0;1mCREATE UNIQUE INDEX "unique_schema_migrations" ON "schema_migrations" ("version")[0m
  [4;35;1mSQL (0.1ms)[0m   [0m SELECT name
 FROM sqlite_master
 WHERE type = 'table' AND NOT name = 'sqlite_sequence'
[0m
  [4;36;1mSQL (0.1ms)[0m   [0;1mSELECT version FROM "schema_migrations"[0m
  [4;35;1mSQL (0.8ms)[0m   [0mINSERT INTO "schema_migrations" (version) VALUES ('20160602070744')[0m
  [4;36;1mSQL (0.7ms)[0m   [0;1mINSERT INTO "schema_migrations" (version) VALUES ('20160602052324')[0m
  [4;36;1mSQL (0.3ms)[0m   [0;1m SELECT name
 FROM sqlite_master
 WHERE type = 'table' AND NOT name = 'sqlite_sequence'
[0m
  [4;35;1mSQL (0.1ms)[0m   [0mselect sqlite_version(*)[0m
  [4;36;1mSQL (7.5ms)[0m   [0;1mCREATE TABLE "schema_migrations" ("version" varchar(255) NOT NULL) [0m
  [4;35;1mSQL (0.2ms)[0m   [0mPRAGMA index_list("schema_migrations")[0m
  [4;36;1mSQL (1.1ms)[0m   [0;1mCREATE UNIQUE INDEX "unique_schema_migrations" ON "schema_migrations" ("version")[0m
  [4;35;1mSQL (0.1ms)[0m   [0m SELECT name
 FROM sqlite_master
 WHERE type = 'table' AND NOT name = 'sqlite_sequence'
[0m
  [4;36;1mSQL (0.1ms)[0m   [0;1mSELECT version FROM schema_migrations[0m
Migrating to CreateArticles (20160602052324)
  [4;35;1mSQL (0.3ms)[0m   [0mINSERT INTO schema_migrations (version) VALUES ('20160602052324')[0m
Migrating to Createarticles (20160602070744)
  [4;36;1mSQL (0.3ms)[0m   [0;1mINSERT INTO schema_migrations (version) VALUES ('20160602070744')[0m
  [4;35;1mSQL (0.2ms)[0m   [0m SELECT name
 FROM sqlite_master
 WHERE type = 'table' AND NOT name = 'sqlite_sequence'
[0m
  [4;36;1mSQL (0.1ms)[0m   [0;1mSELECT version FROM schema_migrations[0m
  [4;35;1mSQL (0.1ms)[0m   [0m SELECT name
 FROM sqlite_master
 WHERE type = 'table' AND NOT name = 'sqlite_sequence'
[0m
  [4;36;1mSQL (0.4ms)[0m   [0;1m SELECT name
 FROM sqlite_master
 WHERE type = 'table' AND NOT name = 'sqlite_sequence'
[0m
  [4;35;1mSQL (0.1ms)[0m   [0mselect sqlite_version(*)[0m
  [4;36;1mSQL (1.0ms)[0m   [0;1mCREATE TABLE "schema_migrations" ("version" varchar(255) NOT NULL) [0m
  [4;35;1mSQL (0.1ms)[0m   [0mPRAGMA index_list("schema_migrations")[0m
  [4;36;1mSQL (0.7ms)[0m   [0;1mCREATE UNIQUE INDEX "unique_schema_migrations" ON "schema_migrations" ("version")[0m
  [4;35;1mSQL (0.1ms)[0m   [0m SELECT name
 FROM sqlite_master
 WHERE type = 'table' AND NOT name = 'sqlite_sequence'
[0m
  [4;36;1mSQL (0.1ms)[0m   [0;1mSELECT version FROM "schema_migrations"[0m
  [4;35;1mSQL (0.8ms)[0m   [0mINSERT INTO "schema_migrations" (version) VALUES ('20160602070744')[0m
  [4;36;1mSQL (0.8ms)[0m   [0;1mINSERT INTO "schema_migrations" (version) VALUES ('20160602052324')[0m
  [4;36;1mSQL (0.3ms)[0m   [0;1m SELECT name
 FROM sqlite_master
 WHERE type = 'table' AND NOT name = 'sqlite_sequence'
[0m
  [4;35;1mSQL (0.4ms)[0m   [0mSELECT version FROM schema_migrations[0m
Migrating to CreateArticles (20160602052324)
Migrating to Createarticles (20160602070744)
  [4;36;1mSQL (0.1ms)[0m   [0;1mselect sqlite_version(*)[0m
  [4;35;1mSQL (0.1ms)[0m   [0m SELECT name
 FROM sqlite_master
 WHERE type = 'table' AND NOT name = 'sqlite_sequence'
[0m
  [4;36;1mSQL (0.1ms)[0m   [0;1mSELECT version FROM schema_migrations[0m
  [4;35;1mSQL (0.1ms)[0m   [0m SELECT name
 FROM sqlite_master
 WHERE type = 'table' AND NOT name = 'sqlite_sequence'
[0m
  [4;36;1mSQL (0.3ms)[0m   [0;1m SELECT name
 FROM sqlite_master
 WHERE type = 'table' AND NOT name = 'sqlite_sequence'
[0m
  [4;35;1mSQL (0.1ms)[0m   [0mselect sqlite_version(*)[0m
  [4;36;1mSQL (6.9ms)[0m   [0;1mCREATE TABLE "schema_migrations" ("version" varchar(255) NOT NULL) [0m
  [4;35;1mSQL (0.1ms)[0m   [0mPRAGMA index_list("schema_migrations")[0m
  [4;36;1mSQL (0.6ms)[0m   [0;1mCREATE UNIQUE INDEX "unique_schema_migrations" ON "schema_migrations" ("version")[0m
  [4;35;1mSQL (0.1ms)[0m   [0m SELECT name
 FROM sqlite_master
 WHERE type = 'table' AND NOT name = 'sqlite_sequence'
[0m
  [4;36;1mSQL (0.1ms)[0m   [0;1mSELECT version FROM schema_migrations[0m
Migrating to CreateArticles (20160602072410)
  [4;35;1mSQL (0.4ms)[0m   [0mCREATE TABLE "articles" ("id" INTEGER PRIMARY KEY AUTOINCREMENT NOT NULL, "headline" text, "starred" integer, "created_at" datetime, "updated_at" datetime) [0m
  [4;36;1mSQL (0.1ms)[0m   [0;1mINSERT INTO schema_migrations (version) VALUES ('20160602072410')[0m
  [4;35;1mSQL (0.2ms)[0m   [0m SELECT name
 FROM sqlite_master
 WHERE type = 'table' AND NOT name = 'sqlite_sequence'
[0m
  [4;36;1mSQL (0.1ms)[0m   [0;1mSELECT version FROM schema_migrations[0m
  [4;35;1mSQL (0.1ms)[0m   [0m SELECT name
 FROM sqlite_master
 WHERE type = 'table' AND NOT name = 'sqlite_sequence'
[0m
  [4;36;1mSQL (0.0ms)[0m   [0;1mPRAGMA index_list("articles")[0m
  [4;36;1mArticle Create (1.3ms)[0m   [0;1mINSERT INTO "articles" ("headline", "starred", "created_at", "updated_at") VALUES('foo foo faffodil', 1, '2016-06-02 07:29:26', '2016-06-02 07:29:26')[0m
  [4;35;1mArticle Load (0.2ms)[0m   [0mSELECT * FROM "articles" WHERE ("articles"."headline" = 'foo foo faffodil') LIMIT 1[0m


Processing ApplicationController#index (for 127.0.0.1 at 2016-06-04 22:04:42) [GET]

ActionController::RoutingError (No route matches "/" with {:method=>:get}):
  <internal:prelude>:10:in `synchronize'

Rendering rescues/layout (not_found)


Processing ArticlesController#index (for 127.0.0.1 at 2016-06-04 22:07:18) [GET]

OpenURI::HTTPError (429 Too Many Requests):
  /Users/jane.huang/.rbenv/versions/1.9.3-p547/lib/ruby/1.9.1/open-uri.rb:346:in `open_http'
  /Users/jane.huang/.rbenv/versions/1.9.3-p547/lib/ruby/1.9.1/open-uri.rb:776:in `buffer_open'
  /Users/jane.huang/.rbenv/versions/1.9.3-p547/lib/ruby/1.9.1/open-uri.rb:203:in `block in open_loop'
  /Users/jane.huang/.rbenv/versions/1.9.3-p547/lib/ruby/1.9.1/open-uri.rb:201:in `catch'
  /Users/jane.huang/.rbenv/versions/1.9.3-p547/lib/ruby/1.9.1/open-uri.rb:201:in `open_loop'
  /Users/jane.huang/.rbenv/versions/1.9.3-p547/lib/ruby/1.9.1/open-uri.rb:146:in `open_uri'
  /Users/jane.huang/.rbenv/versions/1.9.3-p547/lib/ruby/1.9.1/open-uri.rb:678:in `open'
  /Users/jane.huang/.rbenv/versions/1.9.3-p547/lib/ruby/1.9.1/open-uri.rb:33:in `open'
  app/controllers/articles_controller.rb:13:in `index'
  <internal:prelude>:10:in `synchronize'

Rendered rescues/_trace (12.2ms)
Rendered rescues/_request_and_response (44.7ms)
Rendering rescues/layout (internal_server_error)


Processing ArticlesController#index (for 127.0.0.1 at 2016-06-04 22:07:23) [GET]

OpenURI::HTTPError (429 Too Many Requests):
  /Users/jane.huang/.rbenv/versions/1.9.3-p547/lib/ruby/1.9.1/open-uri.rb:346:in `open_http'
  /Users/jane.huang/.rbenv/versions/1.9.3-p547/lib/ruby/1.9.1/open-uri.rb:776:in `buffer_open'
  /Users/jane.huang/.rbenv/versions/1.9.3-p547/lib/ruby/1.9.1/open-uri.rb:203:in `block in open_loop'
  /Users/jane.huang/.rbenv/versions/1.9.3-p547/lib/ruby/1.9.1/open-uri.rb:201:in `catch'
  /Users/jane.huang/.rbenv/versions/1.9.3-p547/lib/ruby/1.9.1/open-uri.rb:201:in `open_loop'
  /Users/jane.huang/.rbenv/versions/1.9.3-p547/lib/ruby/1.9.1/open-uri.rb:146:in `open_uri'
  /Users/jane.huang/.rbenv/versions/1.9.3-p547/lib/ruby/1.9.1/open-uri.rb:678:in `open'
  /Users/jane.huang/.rbenv/versions/1.9.3-p547/lib/ruby/1.9.1/open-uri.rb:33:in `open'
  app/controllers/articles_controller.rb:13:in `index'
  <internal:prelude>:10:in `synchronize'

Rendered rescues/_trace (13.3ms)
Rendered rescues/_request_and_response (0.3ms)
Rendering rescues/layout (internal_server_error)


Processing ArticlesController#index (for 127.0.0.1 at 2016-06-04 22:08:09) [GET]

OpenURI::HTTPError (429 Too Many Requests):
  /Users/jane.huang/.rbenv/versions/1.9.3-p547/lib/ruby/1.9.1/open-uri.rb:346:in `open_http'
  /Users/jane.huang/.rbenv/versions/1.9.3-p547/lib/ruby/1.9.1/open-uri.rb:776:in `buffer_open'
  /Users/jane.huang/.rbenv/versions/1.9.3-p547/lib/ruby/1.9.1/open-uri.rb:203:in `block in open_loop'
  /Users/jane.huang/.rbenv/versions/1.9.3-p547/lib/ruby/1.9.1/open-uri.rb:201:in `catch'
  /Users/jane.huang/.rbenv/versions/1.9.3-p547/lib/ruby/1.9.1/open-uri.rb:201:in `open_loop'
  /Users/jane.huang/.rbenv/versions/1.9.3-p547/lib/ruby/1.9.1/open-uri.rb:146:in `open_uri'
  /Users/jane.huang/.rbenv/versions/1.9.3-p547/lib/ruby/1.9.1/open-uri.rb:678:in `open'
  /Users/jane.huang/.rbenv/versions/1.9.3-p547/lib/ruby/1.9.1/open-uri.rb:33:in `open'
  app/controllers/articles_controller.rb:13:in `index'
  <internal:prelude>:10:in `synchronize'

Rendered rescues/_trace (14.1ms)
Rendered rescues/_request_and_response (0.9ms)
Rendering rescues/layout (internal_server_error)


Processing ArticlesController#index (for 127.0.0.1 at 2016-06-04 22:36:34) [GET]

ActionView::MissingTemplate (Missing template articles/index.erb in view path /Users/jane.huang/Dropbox/code/snapdocs/rss/app/views):
  <internal:prelude>:10:in `synchronize'

Rendering rescues/layout (internal_server_error)


Processing ArticlesController#index (for 127.0.0.1 at 2016-06-05 00:13:13) [GET]
Rendering articles/index
Completed in 1599ms (View: 16, DB: 0) | 200 OK [http://localhost/articles]


Processing ArticlesController#index (for 127.0.0.1 at 2016-06-05 00:14:12) [GET]
Rendering articles/index
Completed in 747ms (View: 5, DB: 0) | 200 OK [http://localhost/articles]


Processing ArticlesController#index (for 127.0.0.1 at 2016-06-05 00:18:06) [GET]
Rendering articles/index
Completed in 1580ms (View: 7, DB: 0) | 200 OK [http://localhost/articles]


Processing ApplicationController#index (for 127.0.0.1 at 2016-06-05 00:46:56) [GET]

ActionController::RoutingError (No route matches "/articles" with {:method=>:get}):
  <internal:prelude>:10:in `synchronize'

Rendering rescues/layout (not_found)


Processing ApplicationController#index (for 127.0.0.1 at 2016-06-05 00:47:12) [GET]

ActionController::RoutingError (No route matches "/articles" with {:method=>:get}):
  <internal:prelude>:10:in `synchronize'

Rendering rescues/layout (not_found)


Processing ArticlesController#index (for 127.0.0.1 at 2016-06-05 00:48:00) [GET]
Rendering articles/index
Completed in 1716ms (View: 15, DB: 0) | 200 OK [http://localhost/articles]


Processing ArticlesController#index (for 127.0.0.1 at 2016-06-05 00:55:48) [GET]
Rendering articles/index
Completed in 1354ms (View: 5, DB: 0) | 200 OK [http://localhost/articles]
  [4;36;1mSQL (0.4ms)[0m   [0;1m SELECT name
 FROM sqlite_master
 WHERE type = 'table' AND NOT name = 'sqlite_sequence'
[0m
  [4;35;1mSQL (0.3ms)[0m   [0mSELECT version FROM schema_migrations[0m
Migrating to CreateArticles (20160602072410)
Migrating to AddUrisToArticles (20160605080822)
  [4;36;1mSQL (0.0ms)[0m   [0;1mselect sqlite_version(*)[0m
  [4;35;1mSQL (0.4ms)[0m   [0mALTER TABLE "articles" ADD "uri" text DEFAULT ''[0m
  [4;36;1mSQL (0.1ms)[0m   [0;1mINSERT INTO schema_migrations (version) VALUES ('20160605080822')[0m
  [4;35;1mSQL (0.2ms)[0m   [0m SELECT name
 FROM sqlite_master
 WHERE type = 'table' AND NOT name = 'sqlite_sequence'
[0m
  [4;36;1mSQL (0.1ms)[0m   [0;1mSELECT version FROM schema_migrations[0m
  [4;35;1mSQL (0.1ms)[0m   [0m SELECT name
 FROM sqlite_master
 WHERE type = 'table' AND NOT name = 'sqlite_sequence'
[0m
  [4;36;1mSQL (0.0ms)[0m   [0;1mPRAGMA index_list("articles")[0m


Processing ArticlesController#index (for 127.0.0.1 at 2016-06-05 01:21:03) [GET]
Rendering articles/index
Completed in 3026ms (View: 11, DB: 0) | 200 OK [http://localhost/articles]


Processing ArticlesController#index (for 127.0.0.1 at 2016-06-05 01:21:42) [GET]
Rendering articles/index
Completed in 1558ms (View: 5, DB: 0) | 200 OK [http://localhost/articles]


Processing ArticlesController#index (for 127.0.0.1 at 2016-06-05 01:21:57) [GET]
Rendering articles/index
Completed in 1302ms (View: 1, DB: 0) | 200 OK [http://localhost/articles]


Processing ArticlesController#index (for 127.0.0.1 at 2016-06-05 01:22:02) [GET]
Rendering articles/index
Completed in 1429ms (View: 1, DB: 0) | 200 OK [http://localhost/articles]


Processing ArticlesController#index (for 127.0.0.1 at 2016-06-05 01:25:35) [GET]
Rendering articles/index
Completed in 1310ms (View: 4, DB: 0) | 200 OK [http://localhost/articles]


Processing ArticlesController#star (for 127.0.0.1 at 2016-06-05 01:29:34) [GET]
  Parameters: {"starred"=>"We got new neighbors. They have dogs"}

NoMethodError (undefined method `info' for nil:NilClass):
  app/controllers/articles_controller.rb:18:in `star'
  <internal:prelude>:10:in `synchronize'

Rendered rescues/_trace (11.5ms)
Rendered rescues/_request_and_response (1.0ms)
Rendering rescues/layout (internal_server_error)


Processing ArticlesController#index (for 127.0.0.1 at 2016-06-05 01:36:43) [GET]
Rendering articles/index

ActionView::TemplateError (undefined method `uri' for #<RSS::Atom::Feed::Title:0x007fc8bcafc940>) on line #8 of app/views/articles/index.html.erb:
5: <form action="/articles/star">
6: <% @articles.each do |article| %>
7: <% title = article.title.content  -%>
8: <input type="checkbox" name="<%= title -%>" value="<%= article.title.uri -%>"> <%= title %>
9:   </br>
10:   </br>
11: <% end %>

    app/views/articles/index.html.erb:8:in `block in _run_erb_app47views47articles47index46html46erb'
    app/views/articles/index.html.erb:6:in `each'
    app/views/articles/index.html.erb:6
    <internal:prelude>:10:in `synchronize'

Rendered rescues/_trace (15.4ms)
Rendered rescues/_request_and_response (1.0ms)
Rendering rescues/layout (internal_server_error)


Processing ArticlesController#index (for 127.0.0.1 at 2016-06-05 01:38:33) [GET]
Rendering articles/index
Completed in 885ms (View: 52, DB: 0) | 200 OK [http://localhost/articles]


Processing ArticlesController#star (for 127.0.0.1 at 2016-06-05 01:44:24) [GET]
  Parameters: {"We got new neighbors. They have dogs"=>"https://www.reddit.com/r/pics/comments/4mkxx5/we_got_new_neighbors_they_have_dogs/"}

ActionView::MissingTemplate (Missing template articles/star.erb in view path /Users/jane.huang/Dropbox/code/snapdocs/rss/app/views):
  <internal:prelude>:10:in `synchronize'

Rendering rescues/layout (internal_server_error)


Processing ArticlesController#index (for 127.0.0.1 at 2016-06-05 01:45:58) [GET]
Rendering articles/index
Completed in 1591ms (View: 1, DB: 0) | 200 OK [http://localhost/articles]


Processing ArticlesController#star (for 127.0.0.1 at 2016-06-05 01:46:25) [GET]
  Parameters: {"Pope Francis reveals new church law to deal with paedophile priests: Catholic bishops who fail to sack paedophile priests can be removed from office"=>"https://www.reddit.com/r/worldnews/comments/4mla2z/pope_francis_reveals_new_church_law_to_deal_with/", "We got new neighbors. They have dogs"=>"https://www.reddit.com/r/pics/comments/4mkxx5/we_got_new_neighbors_they_have_dogs/"}

ActionView::MissingTemplate (Missing template articles/star.erb in view path /Users/jane.huang/Dropbox/code/snapdocs/rss/app/views):
  <internal:prelude>:10:in `synchronize'

Rendering rescues/layout (internal_server_error)


Processing ArticlesController#star (for 127.0.0.1 at 2016-06-05 02:07:16) [GET]
  Parameters: {"Pope Francis reveals new church law to deal with paedophile priests: Catholic bishops who fail to sack paedophile priests can be removed from office"=>"https://www.reddit.com/r/worldnews/comments/4mla2z/pope_francis_reveals_new_church_law_to_deal_with/", "We got new neighbors. They have dogs"=>"https://www.reddit.com/r/pics/comments/4mkxx5/we_got_new_neighbors_they_have_dogs/"}

NoMethodError (undefined method `title=' for #<Article:0x007fe0bc544a30>):
  app/controllers/articles_controller.rb:22:in `block in star'
  app/controllers/articles_controller.rb:19:in `each'
  app/controllers/articles_controller.rb:19:in `star'
  <internal:prelude>:10:in `synchronize'

Rendered rescues/_trace (10.8ms)
Rendered rescues/_request_and_response (0.8ms)
Rendering rescues/layout (internal_server_error)


Processing ArticlesController#index (for 127.0.0.1 at 2016-06-05 02:11:28) [GET]
Rendering articles/index
Completed in 2279ms (View: 16, DB: 0) | 200 OK [http://localhost/articles]


Processing ArticlesController#star (for 127.0.0.1 at 2016-06-05 02:11:42) [GET]
  Parameters: {"TIL The Larvae of the Planthopper bug is the first living thing discovered to have evolved mechanical gears. They're located in its legs and enable it to jump at an acceleration of 400Gs in 2ms."=>"https://www.reddit.com/r/todayilearned/comments/4mkv4m/til_the_larvae_of_the_planthopper_bug_is_the/", "There's a small leak in the men's room..."=>"https://www.reddit.com/r/funny/comments/4mks4w/theres_a_small_leak_in_the_mens_room/", "I've been experimenting with velvia slide film for a little while and I just had my jesus christ moment when I got my sunset images back from the lab. Jokulsarlon glacier lagoon, Iceland "=>{"OC"=>{"1500x1186"=>"https://www.reddit.com/r/EarthPorn/comments/4mkifq/ive_been_experimenting_with_velvia_slide_film_for/"}}, "Men at Work (1990). A movie that made being a garbage man in LA look cool."=>"https://www.reddit.com/r/movies/comments/4mk9jl/men_at_work_1990_a_movie_that_made_being_a/"}
  [4;36;1mArticle Create (0.9ms)[0m   [0;1mINSERT INTO "articles" ("headline", "starred", "created_at", "updated_at", "uri") VALUES('https://www.reddit.com/r/todayilearned/comments/4mkv4m/til_the_larvae_of_the_planthopper_bug_is_the/', NULL, '2016-06-05 09:11:42', '2016-06-05 09:11:42', 'TIL The Larvae of the Planthopper bug is the first living thing discovered to have evolved mechanical gears. They''re located in its legs and enable it to jump at an acceleration of 400Gs in 2ms.')[0m
  [4;35;1mArticle Create (0.2ms)[0m   [0mINSERT INTO "articles" ("headline", "starred", "created_at", "updated_at", "uri") VALUES('https://www.reddit.com/r/funny/comments/4mks4w/theres_a_small_leak_in_the_mens_room/', NULL, '2016-06-05 09:11:42', '2016-06-05 09:11:42', 'There''s a small leak in the men''s room...')[0m
  [4;36;1mArticle Create (0.2ms)[0m   [0;1mINSERT INTO "articles" ("headline", "starred", "created_at", "updated_at", "uri") VALUES('--- !ruby/hash:HashWithIndifferentAccess
!binary "T0M=": !ruby/hash:HashWithIndifferentAccess
 !binary "MTUwMHgxMTg2": !binary |-
 aHR0cHM6Ly93d3cucmVkZGl0LmNvbS9yL0VhcnRoUG9ybi9jb21tZW50cy80
 bWtpZnEvaXZlX2JlZW5fZXhwZXJpbWVudGluZ193aXRoX3ZlbHZpYV9zbGlk
 ZV9maWxtX2Zvci8=
', NULL, '2016-06-05 09:11:42', '2016-06-05 09:11:42', 'I''ve been experimenting with velvia slide film for a little while and I just had my jesus christ moment when I got my sunset images back from the lab. Jokulsarlon glacier lagoon, Iceland ')[0m
  [4;35;1mArticle Create (0.2ms)[0m   [0mINSERT INTO "articles" ("headline", "starred", "created_at", "updated_at", "uri") VALUES('https://www.reddit.com/r/movies/comments/4mk9jl/men_at_work_1990_a_movie_that_made_being_a/', NULL, '2016-06-05 09:11:42', '2016-06-05 09:11:42', 'Men at Work (1990). A movie that made being a garbage man in LA look cool.')[0m
  [4;36;1mArticle Create (0.2ms)[0m   [0;1mINSERT INTO "articles" ("headline", "starred", "created_at", "updated_at", "uri") VALUES('articles', NULL, '2016-06-05 09:11:42', '2016-06-05 09:11:42', 'controller')[0m
  [4;35;1mArticle Create (0.2ms)[0m   [0mINSERT INTO "articles" ("headline", "starred", "created_at", "updated_at", "uri") VALUES('star', NULL, '2016-06-05 09:11:42', '2016-06-05 09:11:42', 'action')[0m

NoMethodError (undefined method `action' for #<ArticlesController:0x007fd3f98fff78>):
  app/controllers/articles_controller.rb:25:in `star'
  <internal:prelude>:10:in `synchronize'

Rendered rescues/_trace (10.6ms)
Rendered rescues/_request_and_response (0.9ms)
Rendering rescues/layout (internal_server_error)


Processing ArticlesController#star (for 127.0.0.1 at 2016-06-05 02:13:04) [GET]
  Parameters: {"TIL The Larvae of the Planthopper bug is the first living thing discovered to have evolved mechanical gears. They're located in its legs and enable it to jump at an acceleration of 400Gs in 2ms."=>"https://www.reddit.com/r/todayilearned/comments/4mkv4m/til_the_larvae_of_the_planthopper_bug_is_the/", "There's a small leak in the men's room..."=>"https://www.reddit.com/r/funny/comments/4mks4w/theres_a_small_leak_in_the_mens_room/", "I've been experimenting with velvia slide film for a little while and I just had my jesus christ moment when I got my sunset images back from the lab. Jokulsarlon glacier lagoon, Iceland "=>{"OC"=>{"1500x1186"=>"https://www.reddit.com/r/EarthPorn/comments/4mkifq/ive_been_experimenting_with_velvia_slide_film_for/"}}, "Men at Work (1990). A movie that made being a garbage man in LA look cool."=>"https://www.reddit.com/r/movies/comments/4mk9jl/men_at_work_1990_a_movie_that_made_being_a/"}
  [4;36;1mArticle Create (0.4ms)[0m   [0;1mINSERT INTO "articles" ("headline", "starred", "created_at", "updated_at", "uri") VALUES('https://www.reddit.com/r/todayilearned/comments/4mkv4m/til_the_larvae_of_the_planthopper_bug_is_the/', NULL, '2016-06-05 09:13:04', '2016-06-05 09:13:04', 'TIL The Larvae of the Planthopper bug is the first living thing discovered to have evolved mechanical gears. They''re located in its legs and enable it to jump at an acceleration of 400Gs in 2ms.')[0m
  [4;35;1mArticle Create (0.3ms)[0m   [0mINSERT INTO "articles" ("headline", "starred", "created_at", "updated_at", "uri") VALUES('https://www.reddit.com/r/funny/comments/4mks4w/theres_a_small_leak_in_the_mens_room/', NULL, '2016-06-05 09:13:04', '2016-06-05 09:13:04', 'There''s a small leak in the men''s room...')[0m
  [4;36;1mArticle Create (0.3ms)[0m   [0;1mINSERT INTO "articles" ("headline", "starred", "created_at", "updated_at", "uri") VALUES('--- !ruby/hash:HashWithIndifferentAccess
!binary "T0M=": !ruby/hash:HashWithIndifferentAccess
 !binary "MTUwMHgxMTg2": !binary |-
 aHR0cHM6Ly93d3cucmVkZGl0LmNvbS9yL0VhcnRoUG9ybi9jb21tZW50cy80
 bWtpZnEvaXZlX2JlZW5fZXhwZXJpbWVudGluZ193aXRoX3ZlbHZpYV9zbGlk
 ZV9maWxtX2Zvci8=
', NULL, '2016-06-05 09:13:04', '2016-06-05 09:13:04', 'I''ve been experimenting with velvia slide film for a little while and I just had my jesus christ moment when I got my sunset images back from the lab. Jokulsarlon glacier lagoon, Iceland ')[0m
  [4;35;1mArticle Create (0.2ms)[0m   [0mINSERT INTO "articles" ("headline", "starred", "created_at", "updated_at", "uri") VALUES('https://www.reddit.com/r/movies/comments/4mk9jl/men_at_work_1990_a_movie_that_made_being_a/', NULL, '2016-06-05 09:13:04', '2016-06-05 09:13:04', 'Men at Work (1990). A movie that made being a garbage man in LA look cool.')[0m
  [4;36;1mArticle Create (0.2ms)[0m   [0;1mINSERT INTO "articles" ("headline", "starred", "created_at", "updated_at", "uri") VALUES('articles', NULL, '2016-06-05 09:13:04', '2016-06-05 09:13:04', 'controller')[0m
  [4;35;1mArticle Create (0.2ms)[0m   [0mINSERT INTO "articles" ("headline", "starred", "created_at", "updated_at", "uri") VALUES('star', NULL, '2016-06-05 09:13:04', '2016-06-05 09:13:04', 'action')[0m
Rendering articles/index

ActionView::TemplateError (You have a nil object when you didn't expect it!
You might have expected an instance of Array.
The error occurred while evaluating nil.each) on line #6 of app/views/articles/index.html.erb:
3: <br/>
4: <br/>
5: <form action="/articles/star">
6: <% @articles.each do |article| %>
7: <% title = article.title.content  -%>
8: <input type="checkbox" name="<%= title -%>" value="<%= article.link.href -%>"> <%= title %>
9:   </br>

    app/views/articles/index.html.erb:6
    app/controllers/articles_controller.rb:25:in `star'
    <internal:prelude>:10:in `synchronize'

Rendered rescues/_trace (14.9ms)
Rendered rescues/_request_and_response (0.7ms)
Rendering rescues/layout (internal_server_error)


Processing ArticlesController#starred (for 127.0.0.1 at 2016-06-05 02:23:02) [GET]
  [4;36;1mArticle Load (1.3ms)[0m   [0;1mSELECT * FROM "articles" [0m
Rendering articles/starred
Completed in 15ms (View: 10, DB: 1) | 200 OK [http://localhost/articles/starred]
  [4;36;1mSQL (0.4ms)[0m   [0;1m SELECT name
 FROM sqlite_master
 WHERE type = 'table' AND NOT name = 'sqlite_sequence'
[0m
  [4;35;1mSQL (0.1ms)[0m   [0mselect sqlite_version(*)[0m
  [4;36;1mSQL (1.3ms)[0m   [0;1mCREATE TABLE "schema_migrations" ("version" varchar(255) NOT NULL) [0m
  [4;35;1mSQL (0.1ms)[0m   [0mPRAGMA index_list("schema_migrations")[0m
  [4;36;1mSQL (0.9ms)[0m   [0;1mCREATE UNIQUE INDEX "unique_schema_migrations" ON "schema_migrations" ("version")[0m
  [4;35;1mSQL (0.1ms)[0m   [0m SELECT name
 FROM sqlite_master
 WHERE type = 'table' AND NOT name = 'sqlite_sequence'
[0m
  [4;36;1mSQL (0.1ms)[0m   [0;1mSELECT version FROM schema_migrations[0m
Migrating to CreateArticles (20160602072410)
  [4;35;1mSQL (0.4ms)[0m   [0mCREATE TABLE "articles" ("id" INTEGER PRIMARY KEY AUTOINCREMENT NOT NULL, "headline" text, "starred" integer, "created_at" datetime, "updated_at" datetime) [0m
  [4;36;1mSQL (0.1ms)[0m   [0;1mINSERT INTO schema_migrations (version) VALUES ('20160602072410')[0m
Migrating to AddUrisToArticles (20160605080822)
  [4;35;1mSQL (0.2ms)[0m   [0mALTER TABLE "articles" ADD "uri" text DEFAULT ''[0m
  [4;36;1mSQL (0.1ms)[0m   [0;1mINSERT INTO schema_migrations (version) VALUES ('20160605080822')[0m
  [4;35;1mSQL (0.2ms)[0m   [0m SELECT name
 FROM sqlite_master
 WHERE type = 'table' AND NOT name = 'sqlite_sequence'
[0m
  [4;36;1mSQL (0.1ms)[0m   [0;1mSELECT version FROM schema_migrations[0m
  [4;35;1mSQL (0.1ms)[0m   [0m SELECT name
 FROM sqlite_master
 WHERE type = 'table' AND NOT name = 'sqlite_sequence'
[0m
  [4;36;1mSQL (0.0ms)[0m   [0;1mPRAGMA index_list("articles")[0m
  [4;36;1mSQL (0.4ms)[0m   [0;1m SELECT name
 FROM sqlite_master
 WHERE type = 'table' AND NOT name = 'sqlite_sequence'
[0m
  [4;35;1mSQL (0.1ms)[0m   [0mSELECT version FROM schema_migrations[0m
Migrating to CreateArticles (20160602072410)
Migrating to AddUrisToArticles (20160605080822)
  [4;36;1mSQL (0.1ms)[0m   [0;1mselect sqlite_version(*)[0m
  [4;35;1mSQL (0.1ms)[0m   [0m SELECT name
 FROM sqlite_master
 WHERE type = 'table' AND NOT name = 'sqlite_sequence'
[0m
  [4;36;1mSQL (0.1ms)[0m   [0;1mSELECT version FROM schema_migrations[0m
  [4;35;1mSQL (0.1ms)[0m   [0m SELECT name
 FROM sqlite_master
 WHERE type = 'table' AND NOT name = 'sqlite_sequence'
[0m
  [4;36;1mSQL (0.0ms)[0m   [0;1mPRAGMA index_list("articles")[0m


Processing ArticlesController#index (for 127.0.0.1 at 2016-06-05 02:29:25) [GET]
Rendering articles/index
Completed in 1284ms (View: 8, DB: 0) | 200 OK [http://localhost/articles]


Processing ArticlesController#star (for 127.0.0.1 at 2016-06-05 02:29:47) [GET]
  Parameters: {"starred"=>{"We got new neighbors. They have dogs"=>"https://www.reddit.com/r/pics/comments/4mkxx5/we_got_new_neighbors_they_have_dogs/", "Being bored on Reddit is basically saying that you can't even be entertained by the combined efforts of a billion people"=>"https://www.reddit.com/r/Showerthoughts/comments/4mldso/being_bored_on_reddit_is_basically_saying_that/"}}
  [4;36;1mArticle Create (0.4ms)[0m   [0;1mINSERT INTO "articles" ("headline", "starred", "created_at", "updated_at", "uri") VALUES('https://www.reddit.com/r/pics/comments/4mkxx5/we_got_new_neighbors_they_have_dogs/', NULL, '2016-06-05 09:29:47', '2016-06-05 09:29:47', 'We got new neighbors. They have dogs')[0m
  [4;35;1mArticle Create (0.3ms)[0m   [0mINSERT INTO "articles" ("headline", "starred", "created_at", "updated_at", "uri") VALUES('https://www.reddit.com/r/Showerthoughts/comments/4mldso/being_bored_on_reddit_is_basically_saying_that/', NULL, '2016-06-05 09:29:47', '2016-06-05 09:29:47', 'Being bored on Reddit is basically saying that you can''t even be entertained by the combined efforts of a billion people')[0m
Rendering articles/starred

ActionView::TemplateError (You have a nil object when you didn't expect it!
You might have expected an instance of Array.
The error occurred while evaluating nil.each) on line #5 of app/views/articles/starred.html.erb:
2: Your favorite articles.
3: <br/>
4: <br/>
5: <% @articles.each do |article| %>
6: <link href="<%= article.uri -%>"> <%= article.headline -%></link>
7:   </br>
8:   </br>

    app/views/articles/starred.html.erb:5
    app/controllers/articles_controller.rb:26:in `star'
    <internal:prelude>:10:in `synchronize'

Rendered rescues/_trace (14.6ms)
Rendered rescues/_request_and_response (1.0ms)
Rendering rescues/layout (internal_server_error)
  [4;36;1mArticle Load (0.5ms)[0m   [0;1mSELECT * FROM "articles" [0m


Processing ArticlesController#star (for 127.0.0.1 at 2016-06-05 02:31:42) [GET]
  Parameters: {"starred"=>{"We got new neighbors. They have dogs"=>"https://www.reddit.com/r/pics/comments/4mkxx5/we_got_new_neighbors_they_have_dogs/", "Being bored on Reddit is basically saying that you can't even be entertained by the combined efforts of a billion people"=>"https://www.reddit.com/r/Showerthoughts/comments/4mldso/being_bored_on_reddit_is_basically_saying_that/"}}
  [4;36;1mArticle Create (0.3ms)[0m   [0;1mINSERT INTO "articles" ("headline", "starred", "created_at", "updated_at", "uri") VALUES('https://www.reddit.com/r/pics/comments/4mkxx5/we_got_new_neighbors_they_have_dogs/', NULL, '2016-06-05 09:31:42', '2016-06-05 09:31:42', 'We got new neighbors. They have dogs')[0m
  [4;35;1mArticle Create (0.3ms)[0m   [0mINSERT INTO "articles" ("headline", "starred", "created_at", "updated_at", "uri") VALUES('https://www.reddit.com/r/Showerthoughts/comments/4mldso/being_bored_on_reddit_is_basically_saying_that/', NULL, '2016-06-05 09:31:42', '2016-06-05 09:31:42', 'Being bored on Reddit is basically saying that you can''t even be entertained by the combined efforts of a billion people')[0m
Rendering articles/starred

ActionView::TemplateError (You have a nil object when you didn't expect it!
You might have expected an instance of Array.
The error occurred while evaluating nil.each) on line #5 of app/views/articles/starred.html.erb:
2: Your favorite articles.
3: <br/>
4: <br/>
5: <% @articles.each do |article| %>
6: <link href="<%= article.uri -%>"> <%= article.headline -%></link>
7:   </br>
8:   </br>

    app/views/articles/starred.html.erb:5
    app/controllers/articles_controller.rb:26:in `star'
    <internal:prelude>:10:in `synchronize'

Rendered rescues/_trace (12.4ms)
Rendered rescues/_request_and_response (0.3ms)
Rendering rescues/layout (internal_server_error)


Processing ArticlesController#starred (for 127.0.0.1 at 2016-06-05 02:32:04) [GET]
  [4;36;1mArticle Load (0.9ms)[0m   [0;1mSELECT * FROM "articles" [0m
Rendering articles/starred
Completed in 11ms (View: 4, DB: 1) | 200 OK [http://localhost/articles/starred]


Processing ArticlesController#index (for 127.0.0.1 at 2016-06-05 02:32:09) [GET]
Rendering articles/index
Completed in 970ms (View: 1, DB: 0) | 200 OK [http://localhost/articles]


Processing ArticlesController#index (for 127.0.0.1 at 2016-06-05 02:32:11) [GET]
Rendering articles/index
Completed in 788ms (View: 1, DB: 0) | 200 OK [http://localhost/]


Processing ArticlesController#star (for 127.0.0.1 at 2016-06-05 02:32:17) [GET]
  Parameters: {"starred"=>{"Wife tried a baby bell for the first time. She's not a fan."=>"https://www.reddit.com/r/funny/comments/4mlt63/wife_tried_a_baby_bell_for_the_first_time_shes/"}}
  [4;35;1mArticle Create (0.3ms)[0m   [0mINSERT INTO "articles" ("headline", "starred", "created_at", "updated_at", "uri") VALUES('https://www.reddit.com/r/funny/comments/4mlt63/wife_tried_a_baby_bell_for_the_first_time_shes/', NULL, '2016-06-05 09:32:17', '2016-06-05 09:32:17', 'Wife tried a baby bell for the first time. She''s not a fan.')[0m
Rendering articles/starred

ActionView::TemplateError (You have a nil object when you didn't expect it!
You might have expected an instance of Array.
The error occurred while evaluating nil.each) on line #5 of app/views/articles/starred.html.erb:
2: Your favorite articles.
3: <br/>
4: <br/>
5: <% @articles.each do |article| %>
6: <link href="<%= article.uri -%>"> <%= article.headline -%></link>
7:   </br>
8:   </br>

    app/views/articles/starred.html.erb:5
    app/controllers/articles_controller.rb:26:in `star'
    <internal:prelude>:10:in `synchronize'

Rendered rescues/_trace (13.1ms)
Rendered rescues/_request_and_response (0.3ms)
Rendering rescues/layout (internal_server_error)


Processing ArticlesController#index (for 127.0.0.1 at 2016-06-05 02:34:03) [GET]
Rendering articles/index
Completed in 1356ms (View: 8, DB: 0) | 200 OK [http://localhost/]


Processing ArticlesController#star (for 127.0.0.1 at 2016-06-05 02:34:14) [GET]
  Parameters: {"starred"=>{"Pope Francis reveals new church law to deal with paedophile priests: Catholic bishops who fail to sack paedophile priests can be removed from office"=>"https://www.reddit.com/r/worldnews/comments/4mla2z/pope_francis_reveals_new_church_law_to_deal_with/", "Bird throwing what it thinks is a shellfish on the ground to open it"=>"https://www.reddit.com/r/gifs/comments/4mkb9v/bird_throwing_what_it_thinks_is_a_shellfish_on/"}}
  [4;36;1mArticle Create (0.5ms)[0m   [0;1mINSERT INTO "articles" ("headline", "starred", "created_at", "updated_at", "uri") VALUES('https://www.reddit.com/r/worldnews/comments/4mla2z/pope_francis_reveals_new_church_law_to_deal_with/', NULL, '2016-06-05 09:34:14', '2016-06-05 09:34:14', 'Pope Francis reveals new church law to deal with paedophile priests: Catholic bishops who fail to sack paedophile priests can be removed from office')[0m
  [4;35;1mArticle Create (0.3ms)[0m   [0mINSERT INTO "articles" ("headline", "starred", "created_at", "updated_at", "uri") VALUES('https://www.reddit.com/r/gifs/comments/4mkb9v/bird_throwing_what_it_thinks_is_a_shellfish_on/', NULL, '2016-06-05 09:34:14', '2016-06-05 09:34:14', 'Bird throwing what it thinks is a shellfish on the ground to open it')[0m
  [4;36;1mArticle Load (1.3ms)[0m   [0;1mSELECT * FROM "articles" [0m
Rendering articles/starred
Completed in 24ms (View: 6, DB: 2) | 200 OK [http://localhost/articles/star?starred%5BPope+Francis+reveals+new+church+law+to+deal+with+paedophile+priests%3A+Catholic+bishops+who+fail+to+sack+paedophile+priests+can+be+removed+from+office%5D=https%3A%2F%2Fwww.reddit.com%2Fr%2Fworldnews%2Fcomments%2F4mla2z%2Fpope_francis_reveals_new_church_law_to_deal_with%2F&starred%5BBird+throwing+what+it+thinks+is+a+shellfish+on+the+ground+to+open+it%5D=https%3A%2F%2Fwww.reddit.com%2Fr%2Fgifs%2Fcomments%2F4mkb9v%2Fbird_throwing_what_it_thinks_is_a_shellfish_on%2F]


Processing ArticlesController#star (for 127.0.0.1 at 2016-06-05 02:36:01) [GET]
  Parameters: {"starred"=>{"Pope Francis reveals new church law to deal with paedophile priests: Catholic bishops who fail to sack paedophile priests can be removed from office"=>"https://www.reddit.com/r/worldnews/comments/4mla2z/pope_francis_reveals_new_church_law_to_deal_with/", "Bird throwing what it thinks is a shellfish on the ground to open it"=>"https://www.reddit.com/r/gifs/comments/4mkb9v/bird_throwing_what_it_thinks_is_a_shellfish_on/"}}
  [4;35;1mArticle Create (0.3ms)[0m   [0mINSERT INTO "articles" ("headline", "starred", "created_at", "updated_at", "uri") VALUES('https://www.reddit.com/r/worldnews/comments/4mla2z/pope_francis_reveals_new_church_law_to_deal_with/', NULL, '2016-06-05 09:36:01', '2016-06-05 09:36:01', 'Pope Francis reveals new church law to deal with paedophile priests: Catholic bishops who fail to sack paedophile priests can be removed from office')[0m
  [4;36;1mArticle Create (0.2ms)[0m   [0;1mINSERT INTO "articles" ("headline", "starred", "created_at", "updated_at", "uri") VALUES('https://www.reddit.com/r/gifs/comments/4mkb9v/bird_throwing_what_it_thinks_is_a_shellfish_on/', NULL, '2016-06-05 09:36:01', '2016-06-05 09:36:01', 'Bird throwing what it thinks is a shellfish on the ground to open it')[0m
  [4;35;1mArticle Load (0.9ms)[0m   [0mSELECT * FROM "articles" [0m
Rendering articles/starred
Completed in 12ms (View: 4, DB: 1) | 200 OK [http://localhost/articles/star?starred%5BPope+Francis+reveals+new+church+law+to+deal+with+paedophile+priests%3A+Catholic+bishops+who+fail+to+sack+paedophile+priests+can+be+removed+from+office%5D=https%3A%2F%2Fwww.reddit.com%2Fr%2Fworldnews%2Fcomments%2F4mla2z%2Fpope_francis_reveals_new_church_law_to_deal_with%2F&starred%5BBird+throwing+what+it+thinks+is+a+shellfish+on+the+ground+to+open+it%5D=https%3A%2F%2Fwww.reddit.com%2Fr%2Fgifs%2Fcomments%2F4mkb9v%2Fbird_throwing_what_it_thinks_is_a_shellfish_on%2F]


Processing ArticlesController#star (for 127.0.0.1 at 2016-06-05 02:36:03) [GET]
  Parameters: {"starred"=>{"Pope Francis reveals new church law to deal with paedophile priests: Catholic bishops who fail to sack paedophile priests can be removed from office"=>"https://www.reddit.com/r/worldnews/comments/4mla2z/pope_francis_reveals_new_church_law_to_deal_with/", "Bird throwing what it thinks is a shellfish on the ground to open it"=>"https://www.reddit.com/r/gifs/comments/4mkb9v/bird_throwing_what_it_thinks_is_a_shellfish_on/"}}
  [4;36;1mArticle Create (0.4ms)[0m   [0;1mINSERT INTO "articles" ("headline", "starred", "created_at", "updated_at", "uri") VALUES('https://www.reddit.com/r/worldnews/comments/4mla2z/pope_francis_reveals_new_church_law_to_deal_with/', NULL, '2016-06-05 09:36:03', '2016-06-05 09:36:03', 'Pope Francis reveals new church law to deal with paedophile priests: Catholic bishops who fail to sack paedophile priests can be removed from office')[0m
  [4;35;1mArticle Create (0.3ms)[0m   [0mINSERT INTO "articles" ("headline", "starred", "created_at", "updated_at", "uri") VALUES('https://www.reddit.com/r/gifs/comments/4mkb9v/bird_throwing_what_it_thinks_is_a_shellfish_on/', NULL, '2016-06-05 09:36:03', '2016-06-05 09:36:03', 'Bird throwing what it thinks is a shellfish on the ground to open it')[0m
  [4;36;1mArticle Load (1.0ms)[0m   [0;1mSELECT * FROM "articles" [0m
Rendering articles/starred
Completed in 11ms (View: 1, DB: 2) | 200 OK [http://localhost/articles/star?starred%5BPope+Francis+reveals+new+church+law+to+deal+with+paedophile+priests%3A+Catholic+bishops+who+fail+to+sack+paedophile+priests+can+be+removed+from+office%5D=https%3A%2F%2Fwww.reddit.com%2Fr%2Fworldnews%2Fcomments%2F4mla2z%2Fpope_francis_reveals_new_church_law_to_deal_with%2F&starred%5BBird+throwing+what+it+thinks+is+a+shellfish+on+the+ground+to+open+it%5D=https%3A%2F%2Fwww.reddit.com%2Fr%2Fgifs%2Fcomments%2F4mkb9v%2Fbird_throwing_what_it_thinks_is_a_shellfish_on%2F]


Processing ArticlesController#starred (for 127.0.0.1 at 2016-06-05 02:38:20) [GET]
  [4;36;1mArticle Load (1.2ms)[0m   [0;1mSELECT * FROM "articles" [0m
Rendering articles/starred
Completed in 51ms (View: 47, DB: 1) | 200 OK [http://localhost/articles/starred]


Processing ArticlesController#starred (for 127.0.0.1 at 2016-06-05 02:38:22) [GET]
  [4;35;1mArticle Load (1.2ms)[0m   [0mSELECT * FROM "articles" [0m
Rendering articles/starred
Completed in 7ms (View: 3, DB: 1) | 200 OK [http://localhost/articles/starred]


Processing ArticlesController#starred (for 127.0.0.1 at 2016-06-05 02:41:38) [GET]
  [4;36;1mArticle Load (1.2ms)[0m   [0;1mSELECT * FROM "articles" [0m
Rendering articles/starred
Completed in 13ms (View: 9, DB: 1) | 200 OK [http://localhost/articles/starred]
  [4;35;1mArticle Load (0.3ms)[0m   [0mSELECT * FROM "articles" LIMIT 1[0m
  [4;36;1mSQL (0.3ms)[0m   [0;1m SELECT name
 FROM sqlite_master
 WHERE type = 'table' AND NOT name = 'sqlite_sequence'
[0m
  [4;35;1mSQL (0.1ms)[0m   [0mselect sqlite_version(*)[0m
  [4;36;1mSQL (1.1ms)[0m   [0;1mCREATE TABLE "schema_migrations" ("version" varchar(255) NOT NULL) [0m
  [4;35;1mSQL (0.1ms)[0m   [0mPRAGMA index_list("schema_migrations")[0m
  [4;36;1mSQL (0.7ms)[0m   [0;1mCREATE UNIQUE INDEX "unique_schema_migrations" ON "schema_migrations" ("version")[0m
  [4;35;1mSQL (0.1ms)[0m   [0m SELECT name
 FROM sqlite_master
 WHERE type = 'table' AND NOT name = 'sqlite_sequence'
[0m
  [4;36;1mSQL (0.1ms)[0m   [0;1mSELECT version FROM schema_migrations[0m
Migrating to CreateArticles (20160602072410)
  [4;35;1mSQL (0.3ms)[0m   [0mCREATE TABLE "articles" ("id" INTEGER PRIMARY KEY AUTOINCREMENT NOT NULL, "headline" text, "starred" integer, "created_at" datetime, "updated_at" datetime) [0m
  [4;36;1mSQL (0.1ms)[0m   [0;1mINSERT INTO schema_migrations (version) VALUES ('20160602072410')[0m
Migrating to AddUrisToArticles (20160605080822)
  [4;35;1mSQL (0.2ms)[0m   [0mALTER TABLE "articles" ADD "uri" text DEFAULT ''[0m
  [4;36;1mSQL (0.1ms)[0m   [0;1mINSERT INTO schema_migrations (version) VALUES ('20160605080822')[0m
  [4;35;1mSQL (0.2ms)[0m   [0m SELECT name
 FROM sqlite_master
 WHERE type = 'table' AND NOT name = 'sqlite_sequence'
[0m
  [4;36;1mSQL (0.1ms)[0m   [0;1mSELECT version FROM schema_migrations[0m
  [4;35;1mSQL (0.1ms)[0m   [0m SELECT name
 FROM sqlite_master
 WHERE type = 'table' AND NOT name = 'sqlite_sequence'
[0m
  [4;36;1mSQL (0.0ms)[0m   [0;1mPRAGMA index_list("articles")[0m


Processing ArticlesController#starred (for 127.0.0.1 at 2016-06-05 02:44:49) [GET]
  [4;36;1mArticle Load (0.7ms)[0m   [0;1mSELECT * FROM "articles" [0m
Rendering articles/starred
Completed in 11ms (View: 8, DB: 1) | 200 OK [http://localhost/articles/starred]


Processing ArticlesController#starred (for 127.0.0.1 at 2016-06-05 02:49:25) [GET]
  [4;35;1mArticle Load (0.5ms)[0m   [0mSELECT * FROM "articles" [0m
Rendering articles/starred
Completed in 8ms (View: 5, DB: 1) | 200 OK [http://localhost/articles/starred]


Processing ArticlesController#index (for 127.0.0.1 at 2016-06-05 02:49:29) [GET]
Rendering articles/index
Completed in 1263ms (View: 13, DB: 0) | 200 OK [http://localhost/]


Processing ArticlesController#star (for 127.0.0.1 at 2016-06-05 02:49:36) [GET]
  Parameters: {"starred"=>{"Man hurt by SWAT team as he tried to cash check can seek new $3.3M award from Bank of America"=>"https://www.reddit.com/r/news/comments/4mivlh/man_hurt_by_swat_team_as_he_tried_to_cash_check/"}}
  [4;36;1mArticle Create (0.6ms)[0m   [0;1mINSERT INTO "articles" ("headline", "starred", "created_at", "updated_at", "uri") VALUES('Man hurt by SWAT team as he tried to cash check can seek new $3.3M award from Bank of America', NULL, '2016-06-05 09:49:36', '2016-06-05 09:49:36', 'https://www.reddit.com/r/news/comments/4mivlh/man_hurt_by_swat_team_as_he_tried_to_cash_check/')[0m
  [4;35;1mArticle Load (0.2ms)[0m   [0mSELECT * FROM "articles" [0m
Rendering articles/starred
Completed in 9ms (View: 1, DB: 1) | 200 OK [http://localhost/articles/star?starred%5BMan+hurt+by+SWAT+team+as+he+tried+to+cash+check+can+seek+new+%243.3M+award+from+Bank+of+America%5D=https%3A%2F%2Fwww.reddit.com%2Fr%2Fnews%2Fcomments%2F4mivlh%2Fman_hurt_by_swat_team_as_he_tried_to_cash_check%2F]


Processing ArticlesController#starred (for 127.0.0.1 at 2016-06-05 02:55:37) [GET]
  [4;36;1mArticle Load (4.3ms)[0m   [0;1mSELECT * FROM "articles" [0m
Rendering articles/starred
Completed in 21ms (View: 7, DB: 4) | 200 OK [http://localhost/articles/starred]


Processing ArticlesController#index (for 127.0.0.1 at 2016-06-05 02:55:39) [GET]
Rendering articles/index
Completed in 957ms (View: 1, DB: 0) | 200 OK [http://localhost/]


Processing ArticlesController#star (for 127.0.0.1 at 2016-06-05 02:56:06) [GET]
  Parameters: {"starred"=>{"We got new neighbors. They have dogs"=>"https://www.reddit.com/r/pics/comments/4mkxx5/we_got_new_neighbors_they_have_dogs/"}}
  [4;36;1mArticle Create (0.7ms)[0m   [0;1mINSERT INTO "articles" ("headline", "starred", "created_at", "updated_at", "uri") VALUES('We got new neighbors. They have dogs', NULL, '2016-06-05 09:56:06', '2016-06-05 09:56:06', 'https://www.reddit.com/r/pics/comments/4mkxx5/we_got_new_neighbors_they_have_dogs/')[0m
Redirected to http://localhost:3000/articles/starred
Completed in 10ms (DB: 1) | 302 Found [http://localhost/articles/star?starred%5BWe+got+new+neighbors.+They+have+dogs%5D=https%3A%2F%2Fwww.reddit.com%2Fr%2Fpics%2Fcomments%2F4mkxx5%2Fwe_got_new_neighbors_they_have_dogs%2F]


Processing ArticlesController#starred (for 127.0.0.1 at 2016-06-05 02:56:06) [GET]
  [4;35;1mArticle Load (0.4ms)[0m   [0mSELECT * FROM "articles" [0m
Rendering articles/starred
Completed in 13ms (View: 10, DB: 0) | 200 OK [http://localhost/articles/starred]


Processing ArticlesController#index (for 127.0.0.1 at 2016-06-05 02:56:09) [GET]
Rendering articles/index
Completed in 854ms (View: 12, DB: 0) | 200 OK [http://localhost/]


Processing ArticlesController#star (for 127.0.0.1 at 2016-06-05 02:56:13) [GET]
  Parameters: {"starred"=>{"ELI5: How do we know what the earths inner consists of, when the deepest we have burrowed is 12 km?"=>"https://www.reddit.com/r/explainlikeimfive/comments/4mjpkm/eli5_how_do_we_know_what_the_earths_inner/"}}
  [4;36;1mArticle Create (0.5ms)[0m   [0;1mINSERT INTO "articles" ("headline", "starred", "created_at", "updated_at", "uri") VALUES('ELI5: How do we know what the earths inner consists of, when the deepest we have burrowed is 12 km?', NULL, '2016-06-05 09:56:13', '2016-06-05 09:56:13', 'https://www.reddit.com/r/explainlikeimfive/comments/4mjpkm/eli5_how_do_we_know_what_the_earths_inner/')[0m
Redirected to http://localhost:3000/articles/starred
Completed in 10ms (DB: 0) | 302 Found [http://localhost/articles/star?starred%5BELI5%3A+How+do+we+know+what+the+earths+inner+consists+of%2C+when+the+deepest+we+have+burrowed+is+12+km%3F%5D=https%3A%2F%2Fwww.reddit.com%2Fr%2Fexplainlikeimfive%2Fcomments%2F4mjpkm%2Feli5_how_do_we_know_what_the_earths_inner%2F]


Processing ArticlesController#starred (for 127.0.0.1 at 2016-06-05 02:56:13) [GET]
  [4;35;1mArticle Load (0.6ms)[0m   [0mSELECT * FROM "articles" [0m
Rendering articles/starred
Completed in 8ms (View: 3, DB: 1) | 200 OK [http://localhost/articles/starred]


Processing ArticlesController#index (for 127.0.0.1 at 2016-06-05 13:05:50) [GET]
Rendering articles/index
Completed in 1365ms (View: 22, DB: 0) | 200 OK [http://localhost/]


Processing ArticlesController#index (for 127.0.0.1 at 2016-06-05 13:20:38) [GET]
Rendering articles/index
Completed in 1885ms (View: 20, DB: 0) | 200 OK [http://localhost/]
